WARNING:root:Full name: Dilshad Abdulla
WARNING:root:Street: 6 Ursula Gould Way 
City: E14 7FX 
Post Code: London
WARNING:root:Phone: 07825810648 
Email: info@gmail.com
WARNING:root:Full name: Tom Alan
WARNING:root:Street: 6 Ursula Gould Way 
City: E14 7FX 
Post Code: London
WARNING:root:Phone: 07825810648 
Email: info@gmail.com
WARNING:root:Full name: Tom Alan
WARNING:root:Street: 6 Ursula Gould Way 
City: E14 7FX 
Post Code: London
WARNING:root:Phone: 07825810648 
Email: info@gmail.com
WARNING:root:Full name: Tom Alan
WARNING:root:Street: 6 Ursula Gould Way 
City: E14 7FX 
Post Code: London
WARNING:root:Phone: 07825810648 
Email: info@gmail.com
